<!DOCTYPE html>
<html>
  <head>
        <title>VC API Issuer Interoperability Report 1.0</title>
        <meta http-equiv='Content-Type' content='text/html;charset=utf-8'/>
        <!--
          === NOTA BENE ===
          For the three scripts below, if your spec resides on dev.w3 you can check them
          out in the same tree and use relative links so that they'll work offline,
         -->
       <script src="https://www.w3.org/Tools/respec/respec-w3c" class="remove" defer></script>
        <script type="text/javascript" class="remove">
          // set this in the config section
          var respecConfig = {
      "specStatus": "unofficial",
      "shortName": "vc-api-issuer-test-suite",
      "subtitle": "Test Interoperability Report for Verifiable Credentials API Issuer",
      "github": "https://github.com/w3c-ccg/vc-api-issuer-test-suite",
      "edDraftURI": "https://w3c-ccg.github.io/vc-api/#issue-credential",
      "doJsonLd": true,
      "includePermalinks": false,
      "editors": [
        {
          "name": "Andrew Jones",
          "url": "https://github.com/aljones15",
          "company": "Digital Bazaar",
          "companyURL": "http://digitalbazaar.com/"
        }
      ],
      "authors": [
        {
          "name": "Andrew Jones",
          "url": "https://github.com/aljones15",
          "company": "Digital Bazaar",
          "companyURL": "http://digitalbazaar.com/"
        },
        {
          "name": "Manu Sporny",
          "url": "http://manu.sporny.org/",
          "company": "Digital Bazaar",
          "companyURL": "http://digitalbazaar.com/"
        }
      ]
    };
        </script>
        <style>
    .passed {
      font-weight: bold;
      background-color: lightgreen;
    }
    .failed {
      font-weight: bold;
      background-color: pink;
    }
    .pending {
      font-weight: bold;
      background-color: #cdeaed;
    }
    .unimplemented, .notImplemented {
      font-weight: bold;
      background-color: lightyellow;
    }
    .flex-center {
      display: flex;
      align-items: center;
      justify-content: center;
      width: fit-content;
    }
        </style>
  </head>
  <body>
    <!-- these are not in <head> in order to override Respec injected styles -->
    <style>
      .hide {
        display: none;
      }
      details.hide {
        display: none;
      }
      details.err {
        position: absolute;
        z-index: 1;
        white-space: nowrap;
        background: white;
        border: 1px solid darkgray;
        text-align: left;
        padding: .1em .5em;
        box-shadow: 0 0 5px darkgray;
        min-width: 25em;
      }
      details.err summary {
        color: indianred;
      }
      .no-space-around {
        margin: 0;
        padding: 0;
      }
      pre {
        width: 75%;
        white-space: pre-line;
        word-break: break-all;
        margin: 0;
        padding: 0;
        background: white;
      }
      code > span.hljs-attr {
        margin-left: 1rem;
      }
      .no-wrap {
        white-space: nowrap;
      }
      td.optional {
        background-color: #b9b7b7;
      }
      .text-right {
        text-align: right;
      }
      .text-left {
        text-align: left;
      }
      .text-center, th.text-center {
        text-align: center;
      }
      .qr-code {
        margin-left: 25px;
      }
      .row {
        display: flex;
        justify-content: space-between;
        align-items: center;
      }
      .small-font {
        font-size: 0.75rem;
      }
      .highlight-on-hover:hover {
        background-color: yellow;
        cursor: default;
      }
      .highlight-on-hover:hover + .relative-pos > .err {
        display: block;
      }
      pre, code.hljs {
        overflow: auto;
      }
      .relative-pos {
        position: relative;
        width: 0.5rem;
        height: 0.5rem;
        z-index: 1;
      }
      .relative-pos:hover > .err {
        display: block;
      }
    </style>
    <section id="abstract">
      <p>
      This is a test suite to demonstrate interoperability of issuers using the VC
      HTTP API.
      </p>
    </section>
    <section id="sotd">
    </section>
    
    <section class="informative" id="conformance-testing-results">
      <h2> Conformance Testing Results </h2>
      <p>
      Tests passed 141/170 82%
      </p>
      <p>
      Tests failed 29/170 18%
      </p>
      <p>
      Failures 29
      </p>
      <p>
      Tests skipped 12
      </p>
      <p>
      Total tests 182
      </p>
      <p>
        These tests were run on <time>28 July 2024 at 5:10 am UTC</time>
      </p>
      <section class="informative" id="Key">
        <h3>Key</h3>
        <table>
          <tr>
            <td class="pending not-optional highlight-on-hover text-center">
              <div class="highlight-on-hover">üö´</div>
            </td>
            <td>Pending</td>
          </tr>
          <tr>
            <td class="passed not-optional highlight-on-hover text-center">
              <div class="highlight-on-hover">‚úì</div>
            </td>
            <td>Passed</td>
          </tr>
          <tr>
            <td class="failed not-optional highlight-on-hover text-center">
              <div class="highlight-on-hover">‚ùå</div>
            </td>
            <td>Failed</td>
          </tr>
          <tr>
            <td class="accessDenied not-optional highlight-on-hover text-center">
              <div class="highlight-on-hover">‚äò</div>
            </td>
            <td>Access Denied</td>
          </tr>
          <tr>
            <td class="timeout not-optional highlight-on-hover text-center">
              <div class="highlight-on-hover">‚è±</div>
            </td>
            <td>Timeout</td>
          </tr>
          <tr>
            <td class="notImplemented not-optional highlight-on-hover text-center">
              <div class="highlight-on-hover">‚Äî</div>
            </td>
            <td>Not Implemented</td>
          </tr>
        </table>
      </section>
    
      <p>
      The results of the tests are shown below:
      </p>
    </section>
    <section id="conformance">
      <!--- This will take the tests and display them as matrices -->
        <section class="informative" id="Issue Credential - Data Integrity">
          <h2>Issue Credential - Data Integrity</h2>
          <div class="row">
            <table class="simple">
              <thead>
                <th width="20%">
                  <div class="text-right small-font">
                  Issuer &#8658;
                  </div>
                  <div class="text-left small-font">
                  <span>&#8659;</span><span>Test Name</span>
                  </div>
                </th>
                    <th class="no-wrap small-font text-center">apicatalog.com</th>
                    <th class="no-wrap small-font text-center">Danube Tech</th>
                    <th class="no-wrap small-font text-center">Digital Bazaar</th>
                    <th class="no-wrap small-font text-center">EWF</th>
                    <th class="no-wrap small-font text-center">GS1 US</th>
                    <th class="no-wrap small-font text-center">IDLab</th>
                    <th class="no-wrap small-font text-center">LearnCard</th>
                    <th class="no-wrap small-font text-center">Mavennet</th>
                    <th class="no-wrap small-font text-center">Open Security and Identity</th>
                    <th class="no-wrap small-font text-center">SecureKey</th>
                    <th class="no-wrap small-font text-center">SpruceID</th>
                    <th class="no-wrap small-font text-center">Trinsic</th>
                </thead>
              <tbody>
              <tr>
                <!--This is the name of the test-->
                <td class="subtest">
                    MUST successfully issue a credential.
                </td>
                <!--These contain if the test passed, failed, or was skipped-->
                  <td class="passed not-optional highlight-on-hover text-center">
                    <div class= "highlight-on-hover">‚úì</div>
                    <div class="relative-pos">
                    </div>
                  </td>
                  <td class="passed not-optional highlight-on-hover text-center">
                    <div class= "highlight-on-hover">‚úì</div>
                    <div class="relative-pos">
                    </div>
                  </td>
                  <td class="passed not-optional highlight-on-hover text-center">
                    <div class= "highlight-on-hover">‚úì</div>
                    <div class="relative-pos">
                    </div>
                  </td>
                  <td class="passed not-optional highlight-on-hover text-center">
                    <div class= "highlight-on-hover">‚úì</div>
                    <div class="relative-pos">
                    </div>
                  </td>
                  <td class="passed not-optional highlight-on-hover text-center">
                    <div class= "highlight-on-hover">‚úì</div>
                    <div class="relative-pos">
                    </div>
                  </td>
                  <td class="passed not-optional highlight-on-hover text-center">
                    <div class= "highlight-on-hover">‚úì</div>
                    <div class="relative-pos">
                    </div>
                  </td>
                  <td class="passed not-optional highlight-on-hover text-center">
                    <div class= "highlight-on-hover">‚úì</div>
                    <div class="relative-pos">
                    </div>
                  </td>
                  <td class="passed not-optional highlight-on-hover text-center">
                    <div class= "highlight-on-hover">‚úì</div>
                    <div class="relative-pos">
                    </div>
                  </td>
                  <td class="passed not-optional highlight-on-hover text-center">
                    <div class= "highlight-on-hover">‚úì</div>
                    <div class="relative-pos">
                    </div>
                  </td>
                  <td class="failed not-optional highlight-on-hover text-center">
                    <div class= "highlight-on-hover">‚ùå</div>
                    <div class="relative-pos">
                      <details class="err hide">
                        <summary>Expected no error, got fetch failed: expected TypeError: fetch failed { ‚Ä¶(2) } to not exist:</summary>
                        <pre>AssertionError: Expected no error, got fetch failed: expected TypeError: fetch failed { ‚Ä¶(2) } to not exist
                        at should.not.exist (node_modules/chai/lib/chai/interface/should.js:208:38)
                        at shouldReturnResult (file:///home/runner/work/vc-api-issuer-test-suite/vc-api-issuer-test-suite/tests/assertions.js:19:14)
                        at Context.&lt;anonymous&gt; (file:///home/runner/work/vc-api-issuer-test-suite/vc-api-issuer-test-suite/tests/10-issuer.js:41:9)
                        at process.processTicksAndRejections (node:internal/process/task_queues:95:5)</pre>
                      </details>
                    </div>
                  </td>
                  <td class="passed not-optional highlight-on-hover text-center">
                    <div class= "highlight-on-hover">‚úì</div>
                    <div class="relative-pos">
                    </div>
                  </td>
                  <td class="failed not-optional highlight-on-hover text-center">
                    <div class= "highlight-on-hover">‚ùå</div>
                    <div class="relative-pos">
                      <details class="err hide">
                        <summary>Expected result to have data.: expected undefined to exist:</summary>
                        <pre>AssertionError: Expected result to have data.: expected undefined to exist
                        at should.exist (node_modules/chai/lib/chai/interface/should.js:144:34)
                        at Context.&lt;anonymous&gt; (file:///home/runner/work/vc-api-issuer-test-suite/vc-api-issuer-test-suite/tests/10-issuer.js:42:16)
                        at process.processTicksAndRejections (node:internal/process/task_queues:95:5)</pre>
                      </details>
                    </div>
                  </td>
              </tr>
              <tr>
                <!--This is the name of the test-->
                <td class="subtest">
                    Request body MUST have property &quot;credential&quot;.
                </td>
                <!--These contain if the test passed, failed, or was skipped-->
                  <td class="passed not-optional highlight-on-hover text-center">
                    <div class= "highlight-on-hover">‚úì</div>
                    <div class="relative-pos">
                    </div>
                  </td>
                  <td class="passed not-optional highlight-on-hover text-center">
                    <div class= "highlight-on-hover">‚úì</div>
                    <div class="relative-pos">
                    </div>
                  </td>
                  <td class="passed not-optional highlight-on-hover text-center">
                    <div class= "highlight-on-hover">‚úì</div>
                    <div class="relative-pos">
                    </div>
                  </td>
                  <td class="passed not-optional highlight-on-hover text-center">
                    <div class= "highlight-on-hover">‚úì</div>
                    <div class="relative-pos">
                    </div>
                  </td>
                  <td class="passed not-optional highlight-on-hover text-center">
                    <div class= "highlight-on-hover">‚úì</div>
                    <div class="relative-pos">
                    </div>
                  </td>
                  <td class="passed not-optional highlight-on-hover text-center">
                    <div class= "highlight-on-hover">‚úì</div>
                    <div class="relative-pos">
                    </div>
                  </td>
                  <td class="passed not-optional highlight-on-hover text-center">
                    <div class= "highlight-on-hover">‚úì</div>
                    <div class="relative-pos">
                    </div>
                  </td>
                  <td class="passed not-optional highlight-on-hover text-center">
                    <div class= "highlight-on-hover">‚úì</div>
                    <div class="relative-pos">
                    </div>
                  </td>
                  <td class="passed not-optional highlight-on-hover text-center">
                    <div class= "highlight-on-hover">‚úì</div>
                    <div class="relative-pos">
                    </div>
                  </td>
                  <td class="failed not-optional highlight-on-hover text-center">
                    <div class= "highlight-on-hover">‚ùå</div>
                    <div class="relative-pos">
                      <details class="err hide">
                        <summary>Expected an HTTP error response code.: expected undefined to exist:</summary>
                        <pre>AssertionError: Expected an HTTP error response code.: expected undefined to exist
                        at should.exist (node_modules/chai/lib/chai/interface/should.js:144:34)
                        at shouldThrowInvalidInput (file:///home/runner/work/vc-api-issuer-test-suite/vc-api-issuer-test-suite/tests/assertions.js:11:10)
                        at Context.&lt;anonymous&gt; (file:///home/runner/work/vc-api-issuer-test-suite/vc-api-issuer-test-suite/tests/10-issuer.js:55:9)
                        at process.processTicksAndRejections (node:internal/process/task_queues:95:5)</pre>
                      </details>
                    </div>
                  </td>
                  <td class="passed not-optional highlight-on-hover text-center">
                    <div class= "highlight-on-hover">‚úì</div>
                    <div class="relative-pos">
                    </div>
                  </td>
                  <td class="passed not-optional highlight-on-hover text-center">
                    <div class= "highlight-on-hover">‚úì</div>
                    <div class="relative-pos">
                    </div>
                  </td>
              </tr>
              <tr>
                <!--This is the name of the test-->
                <td class="subtest">
                    credential MUST have property &quot;@context&quot;.
                </td>
                <!--These contain if the test passed, failed, or was skipped-->
                  <td class="passed not-optional highlight-on-hover text-center">
                    <div class= "highlight-on-hover">‚úì</div>
                    <div class="relative-pos">
                    </div>
                  </td>
                  <td class="passed not-optional highlight-on-hover text-center">
                    <div class= "highlight-on-hover">‚úì</div>
                    <div class="relative-pos">
                    </div>
                  </td>
                  <td class="passed not-optional highlight-on-hover text-center">
                    <div class= "highlight-on-hover">‚úì</div>
                    <div class="relative-pos">
                    </div>
                  </td>
                  <td class="passed not-optional highlight-on-hover text-center">
                    <div class= "highlight-on-hover">‚úì</div>
                    <div class="relative-pos">
                    </div>
                  </td>
                  <td class="passed not-optional highlight-on-hover text-center">
                    <div class= "highlight-on-hover">‚úì</div>
                    <div class="relative-pos">
                    </div>
                  </td>
                  <td class="passed not-optional highlight-on-hover text-center">
                    <div class= "highlight-on-hover">‚úì</div>
                    <div class="relative-pos">
                    </div>
                  </td>
                  <td class="passed not-optional highlight-on-hover text-center">
                    <div class= "highlight-on-hover">‚úì</div>
                    <div class="relative-pos">
                    </div>
                  </td>
                  <td class="passed not-optional highlight-on-hover text-center">
                    <div class= "highlight-on-hover">‚úì</div>
                    <div class="relative-pos">
                    </div>
                  </td>
                  <td class="passed not-optional highlight-on-hover text-center">
                    <div class= "highlight-on-hover">‚úì</div>
                    <div class="relative-pos">
                    </div>
                  </td>
                  <td class="failed not-optional highlight-on-hover text-center">
                    <div class= "highlight-on-hover">‚ùå</div>
                    <div class="relative-pos">
                      <details class="err hide">
                        <summary>Expected an HTTP error response code.: expected undefined to exist:</summary>
                        <pre>AssertionError: Expected an HTTP error response code.: expected undefined to exist
                        at should.exist (node_modules/chai/lib/chai/interface/should.js:144:34)
                        at shouldThrowInvalidInput (file:///home/runner/work/vc-api-issuer-test-suite/vc-api-issuer-test-suite/tests/assertions.js:11:10)
                        at Context.&lt;anonymous&gt; (file:///home/runner/work/vc-api-issuer-test-suite/vc-api-issuer-test-suite/tests/10-issuer.js:65:9)
                        at process.processTicksAndRejections (node:internal/process/task_queues:95:5)</pre>
                      </details>
                    </div>
                  </td>
                  <td class="passed not-optional highlight-on-hover text-center">
                    <div class= "highlight-on-hover">‚úì</div>
                    <div class="relative-pos">
                    </div>
                  </td>
                  <td class="passed not-optional highlight-on-hover text-center">
                    <div class= "highlight-on-hover">‚úì</div>
                    <div class="relative-pos">
                    </div>
                  </td>
              </tr>
              <tr>
                <!--This is the name of the test-->
                <td class="subtest">
                    credential &quot;@context&quot; MUST be an array.
                </td>
                <!--These contain if the test passed, failed, or was skipped-->
                  <td class="passed not-optional highlight-on-hover text-center">
                    <div class= "highlight-on-hover">‚úì</div>
                    <div class="relative-pos">
                    </div>
                  </td>
                  <td class="passed not-optional highlight-on-hover text-center">
                    <div class= "highlight-on-hover">‚úì</div>
                    <div class="relative-pos">
                    </div>
                  </td>
                  <td class="passed not-optional highlight-on-hover text-center">
                    <div class= "highlight-on-hover">‚úì</div>
                    <div class="relative-pos">
                    </div>
                  </td>
                  <td class="passed not-optional highlight-on-hover text-center">
                    <div class= "highlight-on-hover">‚úì</div>
                    <div class="relative-pos">
                    </div>
                  </td>
                  <td class="passed not-optional highlight-on-hover text-center">
                    <div class= "highlight-on-hover">‚úì</div>
                    <div class="relative-pos">
                    </div>
                  </td>
                  <td class="passed not-optional highlight-on-hover text-center">
                    <div class= "highlight-on-hover">‚úì</div>
                    <div class="relative-pos">
                    </div>
                  </td>
                  <td class="passed not-optional highlight-on-hover text-center">
                    <div class= "highlight-on-hover">‚úì</div>
                    <div class="relative-pos">
                    </div>
                  </td>
                  <td class="passed not-optional highlight-on-hover text-center">
                    <div class= "highlight-on-hover">‚úì</div>
                    <div class="relative-pos">
                    </div>
                  </td>
                  <td class="passed not-optional highlight-on-hover text-center">
                    <div class= "highlight-on-hover">‚úì</div>
                    <div class="relative-pos">
                    </div>
                  </td>
                  <td class="failed not-optional highlight-on-hover text-center">
                    <div class= "highlight-on-hover">‚ùå</div>
                    <div class="relative-pos">
                      <details class="err hide">
                        <summary>Expected an HTTP error response code.: expected undefined to exist:</summary>
                        <pre>AssertionError: Expected an HTTP error response code.: expected undefined to exist
                        at should.exist (node_modules/chai/lib/chai/interface/should.js:144:34)
                        at shouldThrowInvalidInput (file:///home/runner/work/vc-api-issuer-test-suite/vc-api-issuer-test-suite/tests/assertions.js:11:10)
                        at Context.&lt;anonymous&gt; (file:///home/runner/work/vc-api-issuer-test-suite/vc-api-issuer-test-suite/tests/10-issuer.js:75:9)
                        at process.processTicksAndRejections (node:internal/process/task_queues:95:5)</pre>
                      </details>
                    </div>
                  </td>
                  <td class="passed not-optional highlight-on-hover text-center">
                    <div class= "highlight-on-hover">‚úì</div>
                    <div class="relative-pos">
                    </div>
                  </td>
                  <td class="passed not-optional highlight-on-hover text-center">
                    <div class= "highlight-on-hover">‚úì</div>
                    <div class="relative-pos">
                    </div>
                  </td>
              </tr>
              <tr>
                <!--This is the name of the test-->
                <td class="subtest">
                    credential &quot;@context&quot; items MUST be strings.
                </td>
                <!--These contain if the test passed, failed, or was skipped-->
                  <td class="passed not-optional highlight-on-hover text-center">
                    <div class= "highlight-on-hover">‚úì</div>
                    <div class="relative-pos">
                    </div>
                  </td>
                  <td class="passed not-optional highlight-on-hover text-center">
                    <div class= "highlight-on-hover">‚úì</div>
                    <div class="relative-pos">
                    </div>
                  </td>
                  <td class="passed not-optional highlight-on-hover text-center">
                    <div class= "highlight-on-hover">‚úì</div>
                    <div class="relative-pos">
                    </div>
                  </td>
                  <td class="passed not-optional highlight-on-hover text-center">
                    <div class= "highlight-on-hover">‚úì</div>
                    <div class="relative-pos">
                    </div>
                  </td>
                  <td class="passed not-optional highlight-on-hover text-center">
                    <div class= "highlight-on-hover">‚úì</div>
                    <div class="relative-pos">
                    </div>
                  </td>
                  <td class="passed not-optional highlight-on-hover text-center">
                    <div class= "highlight-on-hover">‚úì</div>
                    <div class="relative-pos">
                    </div>
                  </td>
                  <td class="passed not-optional highlight-on-hover text-center">
                    <div class= "highlight-on-hover">‚úì</div>
                    <div class="relative-pos">
                    </div>
                  </td>
                  <td class="passed not-optional highlight-on-hover text-center">
                    <div class= "highlight-on-hover">‚úì</div>
                    <div class="relative-pos">
                    </div>
                  </td>
                  <td class="passed not-optional highlight-on-hover text-center">
                    <div class= "highlight-on-hover">‚úì</div>
                    <div class="relative-pos">
                    </div>
                  </td>
                  <td class="failed not-optional highlight-on-hover text-center">
                    <div class= "highlight-on-hover">‚ùå</div>
                    <div class="relative-pos">
                      <details class="err hide">
                        <summary>Expected an HTTP error response code.: expected undefined to exist:</summary>
                        <pre>AssertionError: Expected an HTTP error response code.: expected undefined to exist
                        at should.exist (node_modules/chai/lib/chai/interface/should.js:144:34)
                        at shouldThrowInvalidInput (file:///home/runner/work/vc-api-issuer-test-suite/vc-api-issuer-test-suite/tests/assertions.js:11:10)
                        at Context.&lt;anonymous&gt; (file:///home/runner/work/vc-api-issuer-test-suite/vc-api-issuer-test-suite/tests/10-issuer.js:87:11)
                        at process.processTicksAndRejections (node:internal/process/task_queues:95:5)</pre>
                      </details>
                    </div>
                  </td>
                  <td class="passed not-optional highlight-on-hover text-center">
                    <div class= "highlight-on-hover">‚úì</div>
                    <div class="relative-pos">
                    </div>
                  </td>
                  <td class="passed not-optional highlight-on-hover text-center">
                    <div class= "highlight-on-hover">‚úì</div>
                    <div class="relative-pos">
                    </div>
                  </td>
              </tr>
              <tr>
                <!--This is the name of the test-->
                <td class="subtest">
                    credential MUST have property &quot;type&quot;
                </td>
                <!--These contain if the test passed, failed, or was skipped-->
                  <td class="passed not-optional highlight-on-hover text-center">
                    <div class= "highlight-on-hover">‚úì</div>
                    <div class="relative-pos">
                    </div>
                  </td>
                  <td class="passed not-optional highlight-on-hover text-center">
                    <div class= "highlight-on-hover">‚úì</div>
                    <div class="relative-pos">
                    </div>
                  </td>
                  <td class="failed not-optional highlight-on-hover text-center">
                    <div class= "highlight-on-hover">‚ùå</div>
                    <div class="relative-pos">
                      <details class="err hide">
                        <summary>Expected status code 400 or 422.: expected 500 to be one of [ 400, 422 ]:</summary>
                        <pre>AssertionError: Expected status code 400 or 422.: expected 500 to be one of [ 400, 422 ]
                        at shouldThrowInvalidInput (file:///home/runner/work/vc-api-issuer-test-suite/vc-api-issuer-test-suite/tests/assertions.js:14:26)
                        at Context.&lt;anonymous&gt; (file:///home/runner/work/vc-api-issuer-test-suite/vc-api-issuer-test-suite/tests/10-issuer.js:98:9)
                        at process.processTicksAndRejections (node:internal/process/task_queues:95:5)</pre>
                      </details>
                    </div>
                  </td>
                  <td class="passed not-optional highlight-on-hover text-center">
                    <div class= "highlight-on-hover">‚úì</div>
                    <div class="relative-pos">
                    </div>
                  </td>
                  <td class="passed not-optional highlight-on-hover text-center">
                    <div class= "highlight-on-hover">‚úì</div>
                    <div class="relative-pos">
                    </div>
                  </td>
                  <td class="passed not-optional highlight-on-hover text-center">
                    <div class= "highlight-on-hover">‚úì</div>
                    <div class="relative-pos">
                    </div>
                  </td>
                  <td class="passed not-optional highlight-on-hover text-center">
                    <div class= "highlight-on-hover">‚úì</div>
                    <div class="relative-pos">
                    </div>
                  </td>
                  <td class="passed not-optional highlight-on-hover text-center">
                    <div class= "highlight-on-hover">‚úì</div>
                    <div class="relative-pos">
                    </div>
                  </td>
                  <td class="passed not-optional highlight-on-hover text-center">
                    <div class= "highlight-on-hover">‚úì</div>
                    <div class="relative-pos">
                    </div>
                  </td>
                  <td class="failed not-optional highlight-on-hover text-center">
                    <div class= "highlight-on-hover">‚ùå</div>
                    <div class="relative-pos">
                      <details class="err hide">
                        <summary>Expected an HTTP error response code.: expected undefined to exist:</summary>
                        <pre>AssertionError: Expected an HTTP error response code.: expected undefined to exist
                        at should.exist (node_modules/chai/lib/chai/interface/should.js:144:34)
                        at shouldThrowInvalidInput (file:///home/runner/work/vc-api-issuer-test-suite/vc-api-issuer-test-suite/tests/assertions.js:11:10)
                        at Context.&lt;anonymous&gt; (file:///home/runner/work/vc-api-issuer-test-suite/vc-api-issuer-test-suite/tests/10-issuer.js:98:9)
                        at process.processTicksAndRejections (node:internal/process/task_queues:95:5)</pre>
                      </details>
                    </div>
                  </td>
                  <td class="passed not-optional highlight-on-hover text-center">
                    <div class= "highlight-on-hover">‚úì</div>
                    <div class="relative-pos">
                    </div>
                  </td>
                  <td class="passed not-optional highlight-on-hover text-center">
                    <div class= "highlight-on-hover">‚úì</div>
                    <div class="relative-pos">
                    </div>
                  </td>
              </tr>
              <tr>
                <!--This is the name of the test-->
                <td class="subtest">
                    &quot;credential.type&quot; MUST be an array.
                </td>
                <!--These contain if the test passed, failed, or was skipped-->
                  <td class="passed not-optional highlight-on-hover text-center">
                    <div class= "highlight-on-hover">‚úì</div>
                    <div class="relative-pos">
                    </div>
                  </td>
                  <td class="passed not-optional highlight-on-hover text-center">
                    <div class= "highlight-on-hover">‚úì</div>
                    <div class="relative-pos">
                    </div>
                  </td>
                  <td class="failed not-optional highlight-on-hover text-center">
                    <div class= "highlight-on-hover">‚ùå</div>
                    <div class="relative-pos">
                      <details class="err hide">
                        <summary>Expected status code 400 or 422.: expected 500 to be one of [ 400, 422 ]:</summary>
                        <pre>AssertionError: Expected status code 400 or 422.: expected 500 to be one of [ 400, 422 ]
                        at shouldThrowInvalidInput (file:///home/runner/work/vc-api-issuer-test-suite/vc-api-issuer-test-suite/tests/assertions.js:14:26)
                        at Context.&lt;anonymous&gt; (file:///home/runner/work/vc-api-issuer-test-suite/vc-api-issuer-test-suite/tests/10-issuer.js:108:9)
                        at process.processTicksAndRejections (node:internal/process/task_queues:95:5)</pre>
                      </details>
                    </div>
                  </td>
                  <td class="passed not-optional highlight-on-hover text-center">
                    <div class= "highlight-on-hover">‚úì</div>
                    <div class="relative-pos">
                    </div>
                  </td>
                  <td class="passed not-optional highlight-on-hover text-center">
                    <div class= "highlight-on-hover">‚úì</div>
                    <div class="relative-pos">
                    </div>
                  </td>
                  <td class="passed not-optional highlight-on-hover text-center">
                    <div class= "highlight-on-hover">‚úì</div>
                    <div class="relative-pos">
                    </div>
                  </td>
                  <td class="passed not-optional highlight-on-hover text-center">
                    <div class= "highlight-on-hover">‚úì</div>
                    <div class="relative-pos">
                    </div>
                  </td>
                  <td class="passed not-optional highlight-on-hover text-center">
                    <div class= "highlight-on-hover">‚úì</div>
                    <div class="relative-pos">
                    </div>
                  </td>
                  <td class="passed not-optional highlight-on-hover text-center">
                    <div class= "highlight-on-hover">‚úì</div>
                    <div class="relative-pos">
                    </div>
                  </td>
                  <td class="failed not-optional highlight-on-hover text-center">
                    <div class= "highlight-on-hover">‚ùå</div>
                    <div class="relative-pos">
                      <details class="err hide">
                        <summary>Expected an HTTP error response code.: expected undefined to exist:</summary>
                        <pre>AssertionError: Expected an HTTP error response code.: expected undefined to exist
                        at should.exist (node_modules/chai/lib/chai/interface/should.js:144:34)
                        at shouldThrowInvalidInput (file:///home/runner/work/vc-api-issuer-test-suite/vc-api-issuer-test-suite/tests/assertions.js:11:10)
                        at Context.&lt;anonymous&gt; (file:///home/runner/work/vc-api-issuer-test-suite/vc-api-issuer-test-suite/tests/10-issuer.js:108:9)
                        at process.processTicksAndRejections (node:internal/process/task_queues:95:5)</pre>
                      </details>
                    </div>
                  </td>
                  <td class="passed not-optional highlight-on-hover text-center">
                    <div class= "highlight-on-hover">‚úì</div>
                    <div class="relative-pos">
                    </div>
                  </td>
                  <td class="passed not-optional highlight-on-hover text-center">
                    <div class= "highlight-on-hover">‚úì</div>
                    <div class="relative-pos">
                    </div>
                  </td>
              </tr>
              <tr>
                <!--This is the name of the test-->
                <td class="subtest">
                    &quot;credential.type&quot; items MUST be strings
                </td>
                <!--These contain if the test passed, failed, or was skipped-->
                  <td class="passed not-optional highlight-on-hover text-center">
                    <div class= "highlight-on-hover">‚úì</div>
                    <div class="relative-pos">
                    </div>
                  </td>
                  <td class="passed not-optional highlight-on-hover text-center">
                    <div class= "highlight-on-hover">‚úì</div>
                    <div class="relative-pos">
                    </div>
                  </td>
                  <td class="failed not-optional highlight-on-hover text-center">
                    <div class= "highlight-on-hover">‚ùå</div>
                    <div class="relative-pos">
                      <details class="err hide">
                        <summary>Expected status code 400 or 422.: expected 500 to be one of [ 400, 422 ]:</summary>
                        <pre>AssertionError: Expected status code 400 or 422.: expected 500 to be one of [ 400, 422 ]
                        at shouldThrowInvalidInput (file:///home/runner/work/vc-api-issuer-test-suite/vc-api-issuer-test-suite/tests/assertions.js:14:26)
                        at Context.&lt;anonymous&gt; (file:///home/runner/work/vc-api-issuer-test-suite/vc-api-issuer-test-suite/tests/10-issuer.js:120:11)
                        at process.processTicksAndRejections (node:internal/process/task_queues:95:5)</pre>
                      </details>
                    </div>
                  </td>
                  <td class="passed not-optional highlight-on-hover text-center">
                    <div class= "highlight-on-hover">‚úì</div>
                    <div class="relative-pos">
                    </div>
                  </td>
                  <td class="passed not-optional highlight-on-hover text-center">
                    <div class= "highlight-on-hover">‚úì</div>
                    <div class="relative-pos">
                    </div>
                  </td>
                  <td class="passed not-optional highlight-on-hover text-center">
                    <div class= "highlight-on-hover">‚úì</div>
                    <div class="relative-pos">
                    </div>
                  </td>
                  <td class="passed not-optional highlight-on-hover text-center">
                    <div class= "highlight-on-hover">‚úì</div>
                    <div class="relative-pos">
                    </div>
                  </td>
                  <td class="passed not-optional highlight-on-hover text-center">
                    <div class= "highlight-on-hover">‚úì</div>
                    <div class="relative-pos">
                    </div>
                  </td>
                  <td class="passed not-optional highlight-on-hover text-center">
                    <div class= "highlight-on-hover">‚úì</div>
                    <div class="relative-pos">
                    </div>
                  </td>
                  <td class="failed not-optional highlight-on-hover text-center">
                    <div class= "highlight-on-hover">‚ùå</div>
                    <div class="relative-pos">
                      <details class="err hide">
                        <summary>Expected an HTTP error response code.: expected undefined to exist:</summary>
                        <pre>AssertionError: Expected an HTTP error response code.: expected undefined to exist
                        at should.exist (node_modules/chai/lib/chai/interface/should.js:144:34)
                        at shouldThrowInvalidInput (file:///home/runner/work/vc-api-issuer-test-suite/vc-api-issuer-test-suite/tests/assertions.js:11:10)
                        at Context.&lt;anonymous&gt; (file:///home/runner/work/vc-api-issuer-test-suite/vc-api-issuer-test-suite/tests/10-issuer.js:120:11)
                        at process.processTicksAndRejections (node:internal/process/task_queues:95:5)</pre>
                      </details>
                    </div>
                  </td>
                  <td class="passed not-optional highlight-on-hover text-center">
                    <div class= "highlight-on-hover">‚úì</div>
                    <div class="relative-pos">
                    </div>
                  </td>
                  <td class="passed not-optional highlight-on-hover text-center">
                    <div class= "highlight-on-hover">‚úì</div>
                    <div class="relative-pos">
                    </div>
                  </td>
              </tr>
              <tr>
                <!--This is the name of the test-->
                <td class="subtest">
                    credential MUST have property &quot;issuer&quot;
                </td>
                <!--These contain if the test passed, failed, or was skipped-->
                  <td class="passed not-optional highlight-on-hover text-center">
                    <div class= "highlight-on-hover">‚úì</div>
                    <div class="relative-pos">
                    </div>
                  </td>
                  <td class="passed not-optional highlight-on-hover text-center">
                    <div class= "highlight-on-hover">‚úì</div>
                    <div class="relative-pos">
                    </div>
                  </td>
                  <td class="failed not-optional highlight-on-hover text-center">
                    <div class= "highlight-on-hover">‚ùå</div>
                    <div class="relative-pos">
                      <details class="err hide">
                        <summary>Expected no result from issuer.: expected Response { status: 201, statusText: &#x27;Created&#x27;, headers: Headers { &#x27;access-control-allow-origin&#x27;: &#x27;*&#x27;, &#x27;alt-svc&#x27;: &#x27;h3&#x3D;&quot;:443&quot;; ma&#x3D;2592000,h3-29&#x3D;&quot;:443&quot;; ma&#x3D;2592000&#x27;, authorization: &#x27;** SANITIZED TO PREVENT EXPOSING OF SECRETS ***&#x27;, &#x27;cache-control&#x27;: &#x27;no-cache, no-store, must-revalidate&#x27;, &#x27;content-length&#x27;: &#x27;747&#x27;, &#x27;content-type&#x27;: &#x27;application/json; charset&#x3D;utf-8&#x27;, date: &#x27;Sun, 28 Jul 2024 05:10:21 GMT&#x27;, etag: &#x27;W/&quot;2eb-+/f5z03TyC5/qvHLQG9EZyPfVRo&quot;&#x27;, expires: &#x27;0&#x27;, pragma: &#x27;no-cache&#x27;, server: &#x27;Google Frontend&#x27;, vary: &#x27;X-HTTP-Method-Override, Accept-Encoding&#x27;, via: &#x27;1.1 google&#x27;, &#x27;x-cloud-trace-context&#x27;: &#x27;41801d44ebe156d4b6f751b731944406&#x27; }, body: ReadableStream { locked: false, state: &#x27;readable&#x27;, supportsBYOB: true }, bodyUsed: false, ok: true, redirected: false, type: &#x27;default&#x27;, url: &#x27;&#x27; } to not exist:</summary>
                        <pre>AssertionError: Expected no result from issuer.: expected Response { status: 201, statusText: &#x27;Created&#x27;, headers: Headers { &#x27;access-control-allow-origin&#x27;: &#x27;*&#x27;, &#x27;alt-svc&#x27;: &#x27;h3&#x3D;&quot;:443&quot;; ma&#x3D;2592000,h3-29&#x3D;&quot;:443&quot;; ma&#x3D;2592000&#x27;, authorization: &#x27;** SANITIZED TO PREVENT EXPOSING OF SECRETS ***&#x27;, &#x27;cache-control&#x27;: &#x27;no-cache, no-store, must-revalidate&#x27;, &#x27;content-length&#x27;: &#x27;747&#x27;, &#x27;content-type&#x27;: &#x27;application/json; charset&#x3D;utf-8&#x27;, date: &#x27;Sun, 28 Jul 2024 05:10:21 GMT&#x27;, etag: &#x27;W/&quot;2eb-+/f5z03TyC5/qvHLQG9EZyPfVRo&quot;&#x27;, expires: &#x27;0&#x27;, pragma: &#x27;no-cache&#x27;, server: &#x27;Google Frontend&#x27;, vary: &#x27;X-HTTP-Method-Override, Accept-Encoding&#x27;, via: &#x27;1.1 google&#x27;, &#x27;x-cloud-trace-context&#x27;: &#x27;41801d44ebe156d4b6f751b731944406&#x27; }, body: ReadableStream { locked: false, state: &#x27;readable&#x27;, supportsBYOB: true }, bodyUsed: false, ok: true, redirected: false, type: &#x27;default&#x27;, url: &#x27;&#x27; } to not exist
                        at should.not.exist (node_modules/chai/lib/chai/interface/should.js:208:38)
                        at shouldThrowInvalidInput (file:///home/runner/work/vc-api-issuer-test-suite/vc-api-issuer-test-suite/tests/assertions.js:9:14)
                        at Context.&lt;anonymous&gt; (file:///home/runner/work/vc-api-issuer-test-suite/vc-api-issuer-test-suite/tests/10-issuer.js:131:9)
                        at process.processTicksAndRejections (node:internal/process/task_queues:95:5)</pre>
                      </details>
                    </div>
                  </td>
                  <td class="passed not-optional highlight-on-hover text-center">
                    <div class= "highlight-on-hover">‚úì</div>
                    <div class="relative-pos">
                    </div>
                  </td>
                  <td class="passed not-optional highlight-on-hover text-center">
                    <div class= "highlight-on-hover">‚úì</div>
                    <div class="relative-pos">
                    </div>
                  </td>
                  <td class="passed not-optional highlight-on-hover text-center">
                    <div class= "highlight-on-hover">‚úì</div>
                    <div class="relative-pos">
                    </div>
                  </td>
                  <td class="passed not-optional highlight-on-hover text-center">
                    <div class= "highlight-on-hover">‚úì</div>
                    <div class="relative-pos">
                    </div>
                  </td>
                  <td class="passed not-optional highlight-on-hover text-center">
                    <div class= "highlight-on-hover">‚úì</div>
                    <div class="relative-pos">
                    </div>
                  </td>
                  <td class="passed not-optional highlight-on-hover text-center">
                    <div class= "highlight-on-hover">‚úì</div>
                    <div class="relative-pos">
                    </div>
                  </td>
                  <td class="failed not-optional highlight-on-hover text-center">
                    <div class= "highlight-on-hover">‚ùå</div>
                    <div class="relative-pos">
                      <details class="err hide">
                        <summary>Expected an HTTP error response code.: expected undefined to exist:</summary>
                        <pre>AssertionError: Expected an HTTP error response code.: expected undefined to exist
                        at should.exist (node_modules/chai/lib/chai/interface/should.js:144:34)
                        at shouldThrowInvalidInput (file:///home/runner/work/vc-api-issuer-test-suite/vc-api-issuer-test-suite/tests/assertions.js:11:10)
                        at Context.&lt;anonymous&gt; (file:///home/runner/work/vc-api-issuer-test-suite/vc-api-issuer-test-suite/tests/10-issuer.js:131:9)
                        at process.processTicksAndRejections (node:internal/process/task_queues:95:5)</pre>
                      </details>
                    </div>
                  </td>
                  <td class="passed not-optional highlight-on-hover text-center">
                    <div class= "highlight-on-hover">‚úì</div>
                    <div class="relative-pos">
                    </div>
                  </td>
                  <td class="passed not-optional highlight-on-hover text-center">
                    <div class= "highlight-on-hover">‚úì</div>
                    <div class="relative-pos">
                    </div>
                  </td>
              </tr>
              <tr>
                <!--This is the name of the test-->
                <td class="subtest">
                    &quot;credential.issuer&quot; MUST be a string or an object
                </td>
                <!--These contain if the test passed, failed, or was skipped-->
                  <td class="passed not-optional highlight-on-hover text-center">
                    <div class= "highlight-on-hover">‚úì</div>
                    <div class="relative-pos">
                    </div>
                  </td>
                  <td class="failed not-optional highlight-on-hover text-center">
                    <div class= "highlight-on-hover">‚ùå</div>
                    <div class="relative-pos">
                      <details class="err hide">
                        <summary>Expected status code 400 or 422.: expected 500 to be one of [ 400, 422 ]:</summary>
                        <pre>AssertionError: Expected status code 400 or 422.: expected 500 to be one of [ 400, 422 ]
                        at shouldThrowInvalidInput (file:///home/runner/work/vc-api-issuer-test-suite/vc-api-issuer-test-suite/tests/assertions.js:14:26)
                        at Context.&lt;anonymous&gt; (file:///home/runner/work/vc-api-issuer-test-suite/vc-api-issuer-test-suite/tests/10-issuer.js:143:11)
                        at process.processTicksAndRejections (node:internal/process/task_queues:95:5)</pre>
                      </details>
                    </div>
                  </td>
                  <td class="failed not-optional highlight-on-hover text-center">
                    <div class= "highlight-on-hover">‚ùå</div>
                    <div class="relative-pos">
                      <details class="err hide">
                        <summary>Expected no result from issuer.: expected Response { status: 201, statusText: &#x27;Created&#x27;, headers: Headers { &#x27;access-control-allow-origin&#x27;: &#x27;*&#x27;, &#x27;alt-svc&#x27;: &#x27;h3&#x3D;&quot;:443&quot;; ma&#x3D;2592000,h3-29&#x3D;&quot;:443&quot;; ma&#x3D;2592000&#x27;, authorization: &#x27;** SANITIZED TO PREVENT EXPOSING OF SECRETS ***&#x27;, &#x27;cache-control&#x27;: &#x27;no-cache, no-store, must-revalidate&#x27;, &#x27;content-length&#x27;: &#x27;755&#x27;, &#x27;content-type&#x27;: &#x27;application/json; charset&#x3D;utf-8&#x27;, date: &#x27;Sun, 28 Jul 2024 05:10:21 GMT&#x27;, etag: &#x27;W/&quot;2f3-GlfFaS/rJcPUwHEJekegyv/Llhc&quot;&#x27;, expires: &#x27;0&#x27;, pragma: &#x27;no-cache&#x27;, server: &#x27;Google Frontend&#x27;, vary: &#x27;X-HTTP-Method-Override, Accept-Encoding&#x27;, via: &#x27;1.1 google&#x27;, &#x27;x-cloud-trace-context&#x27;: &#x27;3846462dfc8e8ab521bafc22a742bc7f&#x27; }, body: ReadableStream { locked: false, state: &#x27;readable&#x27;, supportsBYOB: true }, bodyUsed: false, ok: true, redirected: false, type: &#x27;default&#x27;, url: &#x27;&#x27; } to not exist:</summary>
                        <pre>AssertionError: Expected no result from issuer.: expected Response { status: 201, statusText: &#x27;Created&#x27;, headers: Headers { &#x27;access-control-allow-origin&#x27;: &#x27;*&#x27;, &#x27;alt-svc&#x27;: &#x27;h3&#x3D;&quot;:443&quot;; ma&#x3D;2592000,h3-29&#x3D;&quot;:443&quot;; ma&#x3D;2592000&#x27;, authorization: &#x27;** SANITIZED TO PREVENT EXPOSING OF SECRETS ***&#x27;, &#x27;cache-control&#x27;: &#x27;no-cache, no-store, must-revalidate&#x27;, &#x27;content-length&#x27;: &#x27;755&#x27;, &#x27;content-type&#x27;: &#x27;application/json; charset&#x3D;utf-8&#x27;, date: &#x27;Sun, 28 Jul 2024 05:10:21 GMT&#x27;, etag: &#x27;W/&quot;2f3-GlfFaS/rJcPUwHEJekegyv/Llhc&quot;&#x27;, expires: &#x27;0&#x27;, pragma: &#x27;no-cache&#x27;, server: &#x27;Google Frontend&#x27;, vary: &#x27;X-HTTP-Method-Override, Accept-Encoding&#x27;, via: &#x27;1.1 google&#x27;, &#x27;x-cloud-trace-context&#x27;: &#x27;3846462dfc8e8ab521bafc22a742bc7f&#x27; }, body: ReadableStream { locked: false, state: &#x27;readable&#x27;, supportsBYOB: true }, bodyUsed: false, ok: true, redirected: false, type: &#x27;default&#x27;, url: &#x27;&#x27; } to not exist
                        at should.not.exist (node_modules/chai/lib/chai/interface/should.js:208:38)
                        at shouldThrowInvalidInput (file:///home/runner/work/vc-api-issuer-test-suite/vc-api-issuer-test-suite/tests/assertions.js:9:14)
                        at Context.&lt;anonymous&gt; (file:///home/runner/work/vc-api-issuer-test-suite/vc-api-issuer-test-suite/tests/10-issuer.js:143:11)
                        at process.processTicksAndRejections (node:internal/process/task_queues:95:5)</pre>
                      </details>
                    </div>
                  </td>
                  <td class="passed not-optional highlight-on-hover text-center">
                    <div class= "highlight-on-hover">‚úì</div>
                    <div class="relative-pos">
                    </div>
                  </td>
                  <td class="passed not-optional highlight-on-hover text-center">
                    <div class= "highlight-on-hover">‚úì</div>
                    <div class="relative-pos">
                    </div>
                  </td>
                  <td class="passed not-optional highlight-on-hover text-center">
                    <div class= "highlight-on-hover">‚úì</div>
                    <div class="relative-pos">
                    </div>
                  </td>
                  <td class="passed not-optional highlight-on-hover text-center">
                    <div class= "highlight-on-hover">‚úì</div>
                    <div class="relative-pos">
                    </div>
                  </td>
                  <td class="failed not-optional highlight-on-hover text-center">
                    <div class= "highlight-on-hover">‚ùå</div>
                    <div class="relative-pos">
                      <details class="err hide">
                        <summary>Expected no result from issuer.: expected Response { status: 201, statusText: &#x27;Created&#x27;, headers: Headers { &#x27;access-control-allow-origin&#x27;: &#x27;*&#x27;, &#x27;access-control-expose-headers&#x27;: &#x27;Content-Disposition&#x27;, authorization: &#x27;** SANITIZED TO PREVENT EXPOSING OF SECRETS ***&#x27;, connection: &#x27;keep-alive&#x27;, &#x27;content-length&#x27;: &#x27;620&#x27;, &#x27;content-security-policy&#x27;: &quot;default-src &#x27;self&#x27;;base-uri &#x27;self&#x27;;font-src &#x27;self&#x27; https: data:;form-action &#x27;self&#x27;;frame-ancestors &#x27;self&#x27;;img-src &#x27;self&#x27; data:;object-src &#x27;none&#x27;;script-src &#x27;self&#x27;;script-src-attr &#x27;none&#x27;;style-src &#x27;self&#x27; https: &#x27;unsafe-inline&#x27;;upgrade-insecure-requests&quot;, &#x27;content-type&#x27;: &#x27;application/json; charset&#x3D;utf-8&#x27;, &#x27;cross-origin-opener-policy&#x27;: &#x27;same-origin&#x27;, &#x27;cross-origin-resource-policy&#x27;: &#x27;same-origin&#x27;, date: &#x27;Sun, 28 Jul 2024 05:10:34 GMT&#x27;, etag: &#x27;W/&quot;26c-B3XPwwYa7uWsfivsxLjGU4JGkpY&quot;&#x27;, &#x27;origin-agent-cluster&#x27;: &#x27;?1&#x27;, &#x27;referrer-policy&#x27;: &#x27;no-referrer&#x27;, &#x27;strict-transport-security&#x27;: &#x27;max-age&#x3D;15552000; includeSubDomains&#x27;, &#x27;x-content-type-options&#x27;: &#x27;nosniff&#x27;, &#x27;x-dns-prefetch-control&#x27;: &#x27;off&#x27;, &#x27;x-download-options&#x27;: &#x27;noopen&#x27;, &#x27;x-frame-options&#x27;: &#x27;SAMEORIGIN&#x27;, &#x27;x-permitted-cross-domain-policies&#x27;: &#x27;none&#x27;, &#x27;x-xss-protection&#x27;: &#x27;0&#x27; }, body: ReadableStream { locked: false, state: &#x27;readable&#x27;, supportsBYOB: true }, bodyUsed: false, ok: true, redirected: false, type: &#x27;default&#x27;, url: &#x27;&#x27; } to not exist:</summary>
                        <pre>AssertionError: Expected no result from issuer.: expected Response { status: 201, statusText: &#x27;Created&#x27;, headers: Headers { &#x27;access-control-allow-origin&#x27;: &#x27;*&#x27;, &#x27;access-control-expose-headers&#x27;: &#x27;Content-Disposition&#x27;, authorization: &#x27;** SANITIZED TO PREVENT EXPOSING OF SECRETS ***&#x27;, connection: &#x27;keep-alive&#x27;, &#x27;content-length&#x27;: &#x27;620&#x27;, &#x27;content-security-policy&#x27;: &quot;default-src &#x27;self&#x27;;base-uri &#x27;self&#x27;;font-src &#x27;self&#x27; https: data:;form-action &#x27;self&#x27;;frame-ancestors &#x27;self&#x27;;img-src &#x27;self&#x27; data:;object-src &#x27;none&#x27;;script-src &#x27;self&#x27;;script-src-attr &#x27;none&#x27;;style-src &#x27;self&#x27; https: &#x27;unsafe-inline&#x27;;upgrade-insecure-requests&quot;, &#x27;content-type&#x27;: &#x27;application/json; charset&#x3D;utf-8&#x27;, &#x27;cross-origin-opener-policy&#x27;: &#x27;same-origin&#x27;, &#x27;cross-origin-resource-policy&#x27;: &#x27;same-origin&#x27;, date: &#x27;Sun, 28 Jul 2024 05:10:34 GMT&#x27;, etag: &#x27;W/&quot;26c-B3XPwwYa7uWsfivsxLjGU4JGkpY&quot;&#x27;, &#x27;origin-agent-cluster&#x27;: &#x27;?1&#x27;, &#x27;referrer-policy&#x27;: &#x27;no-referrer&#x27;, &#x27;strict-transport-security&#x27;: &#x27;max-age&#x3D;15552000; includeSubDomains&#x27;, &#x27;x-content-type-options&#x27;: &#x27;nosniff&#x27;, &#x27;x-dns-prefetch-control&#x27;: &#x27;off&#x27;, &#x27;x-download-options&#x27;: &#x27;noopen&#x27;, &#x27;x-frame-options&#x27;: &#x27;SAMEORIGIN&#x27;, &#x27;x-permitted-cross-domain-policies&#x27;: &#x27;none&#x27;, &#x27;x-xss-protection&#x27;: &#x27;0&#x27; }, body: ReadableStream { locked: false, state: &#x27;readable&#x27;, supportsBYOB: true }, bodyUsed: false, ok: true, redirected: false, type: &#x27;default&#x27;, url: &#x27;&#x27; } to not exist
                        at should.not.exist (node_modules/chai/lib/chai/interface/should.js:208:38)
                        at shouldThrowInvalidInput (file:///home/runner/work/vc-api-issuer-test-suite/vc-api-issuer-test-suite/tests/assertions.js:9:14)
                        at Context.&lt;anonymous&gt; (file:///home/runner/work/vc-api-issuer-test-suite/vc-api-issuer-test-suite/tests/10-issuer.js:143:11)
                        at process.processTicksAndRejections (node:internal/process/task_queues:95:5)</pre>
                      </details>
                    </div>
                  </td>
                  <td class="passed not-optional highlight-on-hover text-center">
                    <div class= "highlight-on-hover">‚úì</div>
                    <div class="relative-pos">
                    </div>
                  </td>
                  <td class="failed not-optional highlight-on-hover text-center">
                    <div class= "highlight-on-hover">‚ùå</div>
                    <div class="relative-pos">
                      <details class="err hide">
                        <summary>Expected an HTTP error response code.: expected undefined to exist:</summary>
                        <pre>AssertionError: Expected an HTTP error response code.: expected undefined to exist
                        at should.exist (node_modules/chai/lib/chai/interface/should.js:144:34)
                        at shouldThrowInvalidInput (file:///home/runner/work/vc-api-issuer-test-suite/vc-api-issuer-test-suite/tests/assertions.js:11:10)
                        at Context.&lt;anonymous&gt; (file:///home/runner/work/vc-api-issuer-test-suite/vc-api-issuer-test-suite/tests/10-issuer.js:143:11)
                        at process.processTicksAndRejections (node:internal/process/task_queues:95:5)</pre>
                      </details>
                    </div>
                  </td>
                  <td class="passed not-optional highlight-on-hover text-center">
                    <div class= "highlight-on-hover">‚úì</div>
                    <div class="relative-pos">
                    </div>
                  </td>
                  <td class="passed not-optional highlight-on-hover text-center">
                    <div class= "highlight-on-hover">‚úì</div>
                    <div class="relative-pos">
                    </div>
                  </td>
              </tr>
              <tr>
                <!--This is the name of the test-->
                <td class="subtest">
                    credential MUST have property &quot;credentialSubject&quot;
                </td>
                <!--These contain if the test passed, failed, or was skipped-->
                  <td class="passed not-optional highlight-on-hover text-center">
                    <div class= "highlight-on-hover">‚úì</div>
                    <div class="relative-pos">
                    </div>
                  </td>
                  <td class="passed not-optional highlight-on-hover text-center">
                    <div class= "highlight-on-hover">‚úì</div>
                    <div class="relative-pos">
                    </div>
                  </td>
                  <td class="failed not-optional highlight-on-hover text-center">
                    <div class= "highlight-on-hover">‚ùå</div>
                    <div class="relative-pos">
                      <details class="err hide">
                        <summary>Expected status code 400 or 422.: expected 500 to be one of [ 400, 422 ]:</summary>
                        <pre>AssertionError: Expected status code 400 or 422.: expected 500 to be one of [ 400, 422 ]
                        at shouldThrowInvalidInput (file:///home/runner/work/vc-api-issuer-test-suite/vc-api-issuer-test-suite/tests/assertions.js:14:26)
                        at Context.&lt;anonymous&gt; (file:///home/runner/work/vc-api-issuer-test-suite/vc-api-issuer-test-suite/tests/10-issuer.js:154:9)
                        at process.processTicksAndRejections (node:internal/process/task_queues:95:5)</pre>
                      </details>
                    </div>
                  </td>
                  <td class="passed not-optional highlight-on-hover text-center">
                    <div class= "highlight-on-hover">‚úì</div>
                    <div class="relative-pos">
                    </div>
                  </td>
                  <td class="passed not-optional highlight-on-hover text-center">
                    <div class= "highlight-on-hover">‚úì</div>
                    <div class="relative-pos">
                    </div>
                  </td>
                  <td class="passed not-optional highlight-on-hover text-center">
                    <div class= "highlight-on-hover">‚úì</div>
                    <div class="relative-pos">
                    </div>
                  </td>
                  <td class="passed not-optional highlight-on-hover text-center">
                    <div class= "highlight-on-hover">‚úì</div>
                    <div class="relative-pos">
                    </div>
                  </td>
                  <td class="passed not-optional highlight-on-hover text-center">
                    <div class= "highlight-on-hover">‚úì</div>
                    <div class="relative-pos">
                    </div>
                  </td>
                  <td class="passed not-optional highlight-on-hover text-center">
                    <div class= "highlight-on-hover">‚úì</div>
                    <div class="relative-pos">
                    </div>
                  </td>
                  <td class="failed not-optional highlight-on-hover text-center">
                    <div class= "highlight-on-hover">‚ùå</div>
                    <div class="relative-pos">
                      <details class="err hide">
                        <summary>Expected an HTTP error response code.: expected undefined to exist:</summary>
                        <pre>AssertionError: Expected an HTTP error response code.: expected undefined to exist
                        at should.exist (node_modules/chai/lib/chai/interface/should.js:144:34)
                        at shouldThrowInvalidInput (file:///home/runner/work/vc-api-issuer-test-suite/vc-api-issuer-test-suite/tests/assertions.js:11:10)
                        at Context.&lt;anonymous&gt; (file:///home/runner/work/vc-api-issuer-test-suite/vc-api-issuer-test-suite/tests/10-issuer.js:154:9)
                        at process.processTicksAndRejections (node:internal/process/task_queues:95:5)</pre>
                      </details>
                    </div>
                  </td>
                  <td class="failed not-optional highlight-on-hover text-center">
                    <div class= "highlight-on-hover">‚ùå</div>
                    <div class="relative-pos">
                      <details class="err hide">
                        <summary>Expected no result from issuer.: expected Response { status: 201, statusText: &#x27;Created&#x27;, headers: Headers { authorization: &#x27;** SANITIZED TO PREVENT EXPOSING OF SECRETS ***&#x27;, &#x27;cf-cache-status&#x27;: &#x27;DYNAMIC&#x27;, &#x27;cf-ray&#x27;: &#x27;8aa25d280f8bacab-ORD&#x27;, connection: &#x27;keep-alive&#x27;, &#x27;content-length&#x27;: &#x27;629&#x27;, &#x27;content-type&#x27;: &#x27;application/json&#x27;, date: &#x27;Sun, 28 Jul 2024 05:10:38 GMT&#x27;, server: &#x27;cloudflare&#x27; }, body: ReadableStream { locked: false, state: &#x27;readable&#x27;, supportsBYOB: true }, bodyUsed: false, ok: true, redirected: false, type: &#x27;default&#x27;, url: &#x27;&#x27; } to not exist:</summary>
                        <pre>AssertionError: Expected no result from issuer.: expected Response { status: 201, statusText: &#x27;Created&#x27;, headers: Headers { authorization: &#x27;** SANITIZED TO PREVENT EXPOSING OF SECRETS ***&#x27;, &#x27;cf-cache-status&#x27;: &#x27;DYNAMIC&#x27;, &#x27;cf-ray&#x27;: &#x27;8aa25d280f8bacab-ORD&#x27;, connection: &#x27;keep-alive&#x27;, &#x27;content-length&#x27;: &#x27;629&#x27;, &#x27;content-type&#x27;: &#x27;application/json&#x27;, date: &#x27;Sun, 28 Jul 2024 05:10:38 GMT&#x27;, server: &#x27;cloudflare&#x27; }, body: ReadableStream { locked: false, state: &#x27;readable&#x27;, supportsBYOB: true }, bodyUsed: false, ok: true, redirected: false, type: &#x27;default&#x27;, url: &#x27;&#x27; } to not exist
                        at should.not.exist (node_modules/chai/lib/chai/interface/should.js:208:38)
                        at shouldThrowInvalidInput (file:///home/runner/work/vc-api-issuer-test-suite/vc-api-issuer-test-suite/tests/assertions.js:9:14)
                        at Context.&lt;anonymous&gt; (file:///home/runner/work/vc-api-issuer-test-suite/vc-api-issuer-test-suite/tests/10-issuer.js:154:9)
                        at process.processTicksAndRejections (node:internal/process/task_queues:95:5)</pre>
                      </details>
                    </div>
                  </td>
                  <td class="passed not-optional highlight-on-hover text-center">
                    <div class= "highlight-on-hover">‚úì</div>
                    <div class="relative-pos">
                    </div>
                  </td>
              </tr>
              <tr>
                <!--This is the name of the test-->
                <td class="subtest">
                    &quot;credential.credentialSubject&quot; MUST be an object
                </td>
                <!--These contain if the test passed, failed, or was skipped-->
                  <td class="failed not-optional highlight-on-hover text-center">
                    <div class= "highlight-on-hover">‚ùå</div>
                    <div class="relative-pos">
                      <details class="err hide">
                        <summary>Expected no result from issuer.: expected Response { status: 201, statusText: &#x27;Created&#x27;, headers: Headers { authorization: &#x27;** SANITIZED TO PREVENT EXPOSING OF SECRETS ***&#x27;, &#x27;content-length&#x27;: &#x27;681&#x27;, &#x27;content-type&#x27;: &#x27;application/ld+json&#x27;, date: &#x27;Sun, 28 Jul 2024 05:10:14 GMT&#x27;, server: &#x27;Google Frontend&#x27;, &#x27;x-cloud-trace-context&#x27;: &#x27;48fc0ca9a8694e71a7f5c2f8b4d91eff&#x27; }, body: ReadableStream { locked: false, state: &#x27;readable&#x27;, supportsBYOB: true }, bodyUsed: false, ok: true, redirected: false, type: &#x27;default&#x27;, url: &#x27;&#x27; } to not exist:</summary>
                        <pre>AssertionError: Expected no result from issuer.: expected Response { status: 201, statusText: &#x27;Created&#x27;, headers: Headers { authorization: &#x27;** SANITIZED TO PREVENT EXPOSING OF SECRETS ***&#x27;, &#x27;content-length&#x27;: &#x27;681&#x27;, &#x27;content-type&#x27;: &#x27;application/ld+json&#x27;, date: &#x27;Sun, 28 Jul 2024 05:10:14 GMT&#x27;, server: &#x27;Google Frontend&#x27;, &#x27;x-cloud-trace-context&#x27;: &#x27;48fc0ca9a8694e71a7f5c2f8b4d91eff&#x27; }, body: ReadableStream { locked: false, state: &#x27;readable&#x27;, supportsBYOB: true }, bodyUsed: false, ok: true, redirected: false, type: &#x27;default&#x27;, url: &#x27;&#x27; } to not exist
                        at should.not.exist (node_modules/chai/lib/chai/interface/should.js:208:38)
                        at shouldThrowInvalidInput (file:///home/runner/work/vc-api-issuer-test-suite/vc-api-issuer-test-suite/tests/assertions.js:9:14)
                        at Context.&lt;anonymous&gt; (file:///home/runner/work/vc-api-issuer-test-suite/vc-api-issuer-test-suite/tests/10-issuer.js:168:11)
                        at process.processTicksAndRejections (node:internal/process/task_queues:95:5)</pre>
                      </details>
                    </div>
                  </td>
                  <td class="passed not-optional highlight-on-hover text-center">
                    <div class= "highlight-on-hover">‚úì</div>
                    <div class="relative-pos">
                    </div>
                  </td>
                  <td class="failed not-optional highlight-on-hover text-center">
                    <div class= "highlight-on-hover">‚ùå</div>
                    <div class="relative-pos">
                      <details class="err hide">
                        <summary>Expected status code 400 or 422.: expected 500 to be one of [ 400, 422 ]:</summary>
                        <pre>AssertionError: Expected status code 400 or 422.: expected 500 to be one of [ 400, 422 ]
                        at shouldThrowInvalidInput (file:///home/runner/work/vc-api-issuer-test-suite/vc-api-issuer-test-suite/tests/assertions.js:14:26)
                        at Context.&lt;anonymous&gt; (file:///home/runner/work/vc-api-issuer-test-suite/vc-api-issuer-test-suite/tests/10-issuer.js:168:11)
                        at process.processTicksAndRejections (node:internal/process/task_queues:95:5)</pre>
                      </details>
                    </div>
                  </td>
                  <td class="passed not-optional highlight-on-hover text-center">
                    <div class= "highlight-on-hover">‚úì</div>
                    <div class="relative-pos">
                    </div>
                  </td>
                  <td class="passed not-optional highlight-on-hover text-center">
                    <div class= "highlight-on-hover">‚úì</div>
                    <div class="relative-pos">
                    </div>
                  </td>
                  <td class="passed not-optional highlight-on-hover text-center">
                    <div class= "highlight-on-hover">‚úì</div>
                    <div class="relative-pos">
                    </div>
                  </td>
                  <td class="passed not-optional highlight-on-hover text-center">
                    <div class= "highlight-on-hover">‚úì</div>
                    <div class="relative-pos">
                    </div>
                  </td>
                  <td class="passed not-optional highlight-on-hover text-center">
                    <div class= "highlight-on-hover">‚úì</div>
                    <div class="relative-pos">
                    </div>
                  </td>
                  <td class="passed not-optional highlight-on-hover text-center">
                    <div class= "highlight-on-hover">‚úì</div>
                    <div class="relative-pos">
                    </div>
                  </td>
                  <td class="failed not-optional highlight-on-hover text-center">
                    <div class= "highlight-on-hover">‚ùå</div>
                    <div class="relative-pos">
                      <details class="err hide">
                        <summary>Expected an HTTP error response code.: expected undefined to exist:</summary>
                        <pre>AssertionError: Expected an HTTP error response code.: expected undefined to exist
                        at should.exist (node_modules/chai/lib/chai/interface/should.js:144:34)
                        at shouldThrowInvalidInput (file:///home/runner/work/vc-api-issuer-test-suite/vc-api-issuer-test-suite/tests/assertions.js:11:10)
                        at Context.&lt;anonymous&gt; (file:///home/runner/work/vc-api-issuer-test-suite/vc-api-issuer-test-suite/tests/10-issuer.js:168:11)
                        at process.processTicksAndRejections (node:internal/process/task_queues:95:5)</pre>
                      </details>
                    </div>
                  </td>
                  <td class="failed not-optional highlight-on-hover text-center">
                    <div class= "highlight-on-hover">‚ùå</div>
                    <div class="relative-pos">
                      <details class="err hide">
                        <summary>Expected no result from issuer.: expected Response { status: 201, statusText: &#x27;Created&#x27;, headers: Headers { authorization: &#x27;** SANITIZED TO PREVENT EXPOSING OF SECRETS ***&#x27;, &#x27;cf-cache-status&#x27;: &#x27;DYNAMIC&#x27;, &#x27;cf-ray&#x27;: &#x27;8aa25d29887c29d0-ORD&#x27;, connection: &#x27;keep-alive&#x27;, &#x27;content-length&#x27;: &#x27;628&#x27;, &#x27;content-type&#x27;: &#x27;application/json&#x27;, date: &#x27;Sun, 28 Jul 2024 05:10:38 GMT&#x27;, server: &#x27;cloudflare&#x27; }, body: ReadableStream { locked: false, state: &#x27;readable&#x27;, supportsBYOB: true }, bodyUsed: false, ok: true, redirected: false, type: &#x27;default&#x27;, url: &#x27;&#x27; } to not exist:</summary>
                        <pre>AssertionError: Expected no result from issuer.: expected Response { status: 201, statusText: &#x27;Created&#x27;, headers: Headers { authorization: &#x27;** SANITIZED TO PREVENT EXPOSING OF SECRETS ***&#x27;, &#x27;cf-cache-status&#x27;: &#x27;DYNAMIC&#x27;, &#x27;cf-ray&#x27;: &#x27;8aa25d29887c29d0-ORD&#x27;, connection: &#x27;keep-alive&#x27;, &#x27;content-length&#x27;: &#x27;628&#x27;, &#x27;content-type&#x27;: &#x27;application/json&#x27;, date: &#x27;Sun, 28 Jul 2024 05:10:38 GMT&#x27;, server: &#x27;cloudflare&#x27; }, body: ReadableStream { locked: false, state: &#x27;readable&#x27;, supportsBYOB: true }, bodyUsed: false, ok: true, redirected: false, type: &#x27;default&#x27;, url: &#x27;&#x27; } to not exist
                        at should.not.exist (node_modules/chai/lib/chai/interface/should.js:208:38)
                        at shouldThrowInvalidInput (file:///home/runner/work/vc-api-issuer-test-suite/vc-api-issuer-test-suite/tests/assertions.js:9:14)
                        at Context.&lt;anonymous&gt; (file:///home/runner/work/vc-api-issuer-test-suite/vc-api-issuer-test-suite/tests/10-issuer.js:168:11)
                        at process.processTicksAndRejections (node:internal/process/task_queues:95:5)</pre>
                      </details>
                    </div>
                  </td>
                  <td class="passed not-optional highlight-on-hover text-center">
                    <div class= "highlight-on-hover">‚úì</div>
                    <div class="relative-pos">
                    </div>
                  </td>
              </tr>
              <tr>
                <!--This is the name of the test-->
                <td class="subtest">
                    credential MAY have property &quot;expirationDate&quot;
                </td>
                <!--These contain if the test passed, failed, or was skipped-->
                  <td class="passed not-optional highlight-on-hover text-center">
                    <div class= "highlight-on-hover">‚úì</div>
                    <div class="relative-pos">
                    </div>
                  </td>
                  <td class="passed not-optional highlight-on-hover text-center">
                    <div class= "highlight-on-hover">‚úì</div>
                    <div class="relative-pos">
                    </div>
                  </td>
                  <td class="passed not-optional highlight-on-hover text-center">
                    <div class= "highlight-on-hover">‚úì</div>
                    <div class="relative-pos">
                    </div>
                  </td>
                  <td class="passed not-optional highlight-on-hover text-center">
                    <div class= "highlight-on-hover">‚úì</div>
                    <div class="relative-pos">
                    </div>
                  </td>
                  <td class="passed not-optional highlight-on-hover text-center">
                    <div class= "highlight-on-hover">‚úì</div>
                    <div class="relative-pos">
                    </div>
                  </td>
                  <td class="passed not-optional highlight-on-hover text-center">
                    <div class= "highlight-on-hover">‚úì</div>
                    <div class="relative-pos">
                    </div>
                  </td>
                  <td class="passed not-optional highlight-on-hover text-center">
                    <div class= "highlight-on-hover">‚úì</div>
                    <div class="relative-pos">
                    </div>
                  </td>
                  <td class="passed not-optional highlight-on-hover text-center">
                    <div class= "highlight-on-hover">‚úì</div>
                    <div class="relative-pos">
                    </div>
                  </td>
                  <td class="passed not-optional highlight-on-hover text-center">
                    <div class= "highlight-on-hover">‚úì</div>
                    <div class="relative-pos">
                    </div>
                  </td>
                  <td class="failed not-optional highlight-on-hover text-center">
                    <div class= "highlight-on-hover">‚ùå</div>
                    <div class="relative-pos">
                      <details class="err hide">
                        <summary>Expected no error, got fetch failed: expected TypeError: fetch failed { ‚Ä¶(2) } to not exist:</summary>
                        <pre>AssertionError: Expected no error, got fetch failed: expected TypeError: fetch failed { ‚Ä¶(2) } to not exist
                        at should.not.exist (node_modules/chai/lib/chai/interface/should.js:208:38)
                        at shouldReturnResult (file:///home/runner/work/vc-api-issuer-test-suite/vc-api-issuer-test-suite/tests/assertions.js:19:14)
                        at Context.&lt;anonymous&gt; (file:///home/runner/work/vc-api-issuer-test-suite/vc-api-issuer-test-suite/tests/10-issuer.js:193:9)
                        at process.processTicksAndRejections (node:internal/process/task_queues:95:5)</pre>
                      </details>
                    </div>
                  </td>
                  <td class="passed not-optional highlight-on-hover text-center">
                    <div class= "highlight-on-hover">‚úì</div>
                    <div class="relative-pos">
                    </div>
                  </td>
                  <td class="failed not-optional highlight-on-hover text-center">
                    <div class= "highlight-on-hover">‚ùå</div>
                    <div class="relative-pos">
                      <details class="err hide">
                        <summary>Expected statusCode 201.: expected 200 to equal 201:</summary>
                        <pre>AssertionError: Expected statusCode 201.: expected 200 to equal 201
                        at Context.&lt;anonymous&gt; (file:///home/runner/work/vc-api-issuer-test-suite/vc-api-issuer-test-suite/tests/10-issuer.js:194:30)
                        at process.processTicksAndRejections (node:internal/process/task_queues:95:5)</pre>
                      </details>
                    </div>
                  </td>
              </tr>
            </tbody>
            </table>
          </div>
          <div>
            <div class="flex-center">
              <div class="row">
              </div>
              <div class="">
              </div>
            </div>
          </div>
        </section>
        <section class="informative" id="Issue Credential - JWT">
          <h2>Issue Credential - JWT</h2>
          <div class="row">
            <table class="simple">
              <thead>
                <th width="20%">
                  <div class="text-right small-font">
                  Issuer &#8658;
                  </div>
                  <div class="text-left small-font">
                  <span>&#8659;</span><span>Test Name</span>
                  </div>
                </th>
                    <th class="no-wrap small-font text-center">SpruceID</th>
                </thead>
              <tbody>
              <tr>
                <!--This is the name of the test-->
                <td class="subtest">
                    MUST successfully issue a credential.
                </td>
                <!--These contain if the test passed, failed, or was skipped-->
                  <td class="passed not-optional highlight-on-hover text-center">
                    <div class= "highlight-on-hover">‚úì</div>
                    <div class="relative-pos">
                    </div>
                  </td>
              </tr>
              <tr>
                <!--This is the name of the test-->
                <td class="subtest">
                    Request body MUST have property &quot;credential&quot;.
                </td>
                <!--These contain if the test passed, failed, or was skipped-->
                  <td class="passed not-optional highlight-on-hover text-center">
                    <div class= "highlight-on-hover">‚úì</div>
                    <div class="relative-pos">
                    </div>
                  </td>
              </tr>
              <tr>
                <!--This is the name of the test-->
                <td class="subtest">
                    credential MUST have property &quot;@context&quot;.
                </td>
                <!--These contain if the test passed, failed, or was skipped-->
                  <td class="passed not-optional highlight-on-hover text-center">
                    <div class= "highlight-on-hover">‚úì</div>
                    <div class="relative-pos">
                    </div>
                  </td>
              </tr>
              <tr>
                <!--This is the name of the test-->
                <td class="subtest">
                    credential &quot;@context&quot; MUST be an array.
                </td>
                <!--These contain if the test passed, failed, or was skipped-->
                  <td class="passed not-optional highlight-on-hover text-center">
                    <div class= "highlight-on-hover">‚úì</div>
                    <div class="relative-pos">
                    </div>
                  </td>
              </tr>
              <tr>
                <!--This is the name of the test-->
                <td class="subtest">
                    credential &quot;@context&quot; items MUST be strings.
                </td>
                <!--These contain if the test passed, failed, or was skipped-->
                  <td class="passed not-optional highlight-on-hover text-center">
                    <div class= "highlight-on-hover">‚úì</div>
                    <div class="relative-pos">
                    </div>
                  </td>
              </tr>
              <tr>
                <!--This is the name of the test-->
                <td class="subtest">
                    credential MUST have property &quot;type&quot;
                </td>
                <!--These contain if the test passed, failed, or was skipped-->
                  <td class="passed not-optional highlight-on-hover text-center">
                    <div class= "highlight-on-hover">‚úì</div>
                    <div class="relative-pos">
                    </div>
                  </td>
              </tr>
              <tr>
                <!--This is the name of the test-->
                <td class="subtest">
                    &quot;credential.type&quot; MUST be an array.
                </td>
                <!--These contain if the test passed, failed, or was skipped-->
                  <td class="passed not-optional highlight-on-hover text-center">
                    <div class= "highlight-on-hover">‚úì</div>
                    <div class="relative-pos">
                    </div>
                  </td>
              </tr>
              <tr>
                <!--This is the name of the test-->
                <td class="subtest">
                    &quot;credential.type&quot; items MUST be strings
                </td>
                <!--These contain if the test passed, failed, or was skipped-->
                  <td class="passed not-optional highlight-on-hover text-center">
                    <div class= "highlight-on-hover">‚úì</div>
                    <div class="relative-pos">
                    </div>
                  </td>
              </tr>
              <tr>
                <!--This is the name of the test-->
                <td class="subtest">
                    credential MUST have property &quot;issuer&quot;
                </td>
                <!--These contain if the test passed, failed, or was skipped-->
                  <td class="passed not-optional highlight-on-hover text-center">
                    <div class= "highlight-on-hover">‚úì</div>
                    <div class="relative-pos">
                    </div>
                  </td>
              </tr>
              <tr>
                <!--This is the name of the test-->
                <td class="subtest">
                    &quot;credential.issuer&quot; MUST be a string or an object
                </td>
                <!--These contain if the test passed, failed, or was skipped-->
                  <td class="passed not-optional highlight-on-hover text-center">
                    <div class= "highlight-on-hover">‚úì</div>
                    <div class="relative-pos">
                    </div>
                  </td>
              </tr>
              <tr>
                <!--This is the name of the test-->
                <td class="subtest">
                    credential MUST have property &quot;credentialSubject&quot;
                </td>
                <!--These contain if the test passed, failed, or was skipped-->
                  <td class="failed not-optional highlight-on-hover text-center">
                    <div class= "highlight-on-hover">‚ùå</div>
                    <div class="relative-pos">
                      <details class="err hide">
                        <summary>Expected no result from issuer.: expected Response { status: 201, statusText: &#x27;Created&#x27;, headers: Headers { authorization: &#x27;** SANITIZED TO PREVENT EXPOSING OF SECRETS ***&#x27;, &#x27;cf-cache-status&#x27;: &#x27;DYNAMIC&#x27;, &#x27;cf-ray&#x27;: &#x27;8aa25d3a6d92acab-ORD&#x27;, connection: &#x27;keep-alive&#x27;, &#x27;content-length&#x27;: &#x27;629&#x27;, &#x27;content-type&#x27;: &#x27;application/json&#x27;, date: &#x27;Sun, 28 Jul 2024 05:10:41 GMT&#x27;, server: &#x27;cloudflare&#x27; }, body: ReadableStream { locked: false, state: &#x27;readable&#x27;, supportsBYOB: true }, bodyUsed: false, ok: true, redirected: false, type: &#x27;default&#x27;, url: &#x27;&#x27; } to not exist:</summary>
                        <pre>AssertionError: Expected no result from issuer.: expected Response { status: 201, statusText: &#x27;Created&#x27;, headers: Headers { authorization: &#x27;** SANITIZED TO PREVENT EXPOSING OF SECRETS ***&#x27;, &#x27;cf-cache-status&#x27;: &#x27;DYNAMIC&#x27;, &#x27;cf-ray&#x27;: &#x27;8aa25d3a6d92acab-ORD&#x27;, connection: &#x27;keep-alive&#x27;, &#x27;content-length&#x27;: &#x27;629&#x27;, &#x27;content-type&#x27;: &#x27;application/json&#x27;, date: &#x27;Sun, 28 Jul 2024 05:10:41 GMT&#x27;, server: &#x27;cloudflare&#x27; }, body: ReadableStream { locked: false, state: &#x27;readable&#x27;, supportsBYOB: true }, bodyUsed: false, ok: true, redirected: false, type: &#x27;default&#x27;, url: &#x27;&#x27; } to not exist
                        at should.not.exist (node_modules/chai/lib/chai/interface/should.js:208:38)
                        at shouldThrowInvalidInput (file:///home/runner/work/vc-api-issuer-test-suite/vc-api-issuer-test-suite/tests/assertions.js:9:14)
                        at Context.&lt;anonymous&gt; (file:///home/runner/work/vc-api-issuer-test-suite/vc-api-issuer-test-suite/tests/11-issuer-jwt.js:151:9)
                        at process.processTicksAndRejections (node:internal/process/task_queues:95:5)</pre>
                      </details>
                    </div>
                  </td>
              </tr>
              <tr>
                <!--This is the name of the test-->
                <td class="subtest">
                    &quot;credential.credentialSubject&quot; MUST be an object
                </td>
                <!--These contain if the test passed, failed, or was skipped-->
                  <td class="failed not-optional highlight-on-hover text-center">
                    <div class= "highlight-on-hover">‚ùå</div>
                    <div class="relative-pos">
                      <details class="err hide">
                        <summary>Expected no result from issuer.: expected Response { status: 201, statusText: &#x27;Created&#x27;, headers: Headers { authorization: &#x27;** SANITIZED TO PREVENT EXPOSING OF SECRETS ***&#x27;, &#x27;cf-cache-status&#x27;: &#x27;DYNAMIC&#x27;, &#x27;cf-ray&#x27;: &#x27;8aa25d3bef9329d0-ORD&#x27;, connection: &#x27;keep-alive&#x27;, &#x27;content-length&#x27;: &#x27;628&#x27;, &#x27;content-type&#x27;: &#x27;application/json&#x27;, date: &#x27;Sun, 28 Jul 2024 05:10:41 GMT&#x27;, server: &#x27;cloudflare&#x27; }, body: ReadableStream { locked: false, state: &#x27;readable&#x27;, supportsBYOB: true }, bodyUsed: false, ok: true, redirected: false, type: &#x27;default&#x27;, url: &#x27;&#x27; } to not exist:</summary>
                        <pre>AssertionError: Expected no result from issuer.: expected Response { status: 201, statusText: &#x27;Created&#x27;, headers: Headers { authorization: &#x27;** SANITIZED TO PREVENT EXPOSING OF SECRETS ***&#x27;, &#x27;cf-cache-status&#x27;: &#x27;DYNAMIC&#x27;, &#x27;cf-ray&#x27;: &#x27;8aa25d3bef9329d0-ORD&#x27;, connection: &#x27;keep-alive&#x27;, &#x27;content-length&#x27;: &#x27;628&#x27;, &#x27;content-type&#x27;: &#x27;application/json&#x27;, date: &#x27;Sun, 28 Jul 2024 05:10:41 GMT&#x27;, server: &#x27;cloudflare&#x27; }, body: ReadableStream { locked: false, state: &#x27;readable&#x27;, supportsBYOB: true }, bodyUsed: false, ok: true, redirected: false, type: &#x27;default&#x27;, url: &#x27;&#x27; } to not exist
                        at should.not.exist (node_modules/chai/lib/chai/interface/should.js:208:38)
                        at shouldThrowInvalidInput (file:///home/runner/work/vc-api-issuer-test-suite/vc-api-issuer-test-suite/tests/assertions.js:9:14)
                        at Context.&lt;anonymous&gt; (file:///home/runner/work/vc-api-issuer-test-suite/vc-api-issuer-test-suite/tests/11-issuer-jwt.js:164:11)
                        at process.processTicksAndRejections (node:internal/process/task_queues:95:5)</pre>
                      </details>
                    </div>
                  </td>
              </tr>
              <tr>
                <!--This is the name of the test-->
                <td class="subtest">
                    credential MAY have property &quot;issuanceDate&quot;
                </td>
                <!--These contain if the test passed, failed, or was skipped-->
                  <td class="passed not-optional highlight-on-hover text-center">
                    <div class= "highlight-on-hover">‚úì</div>
                    <div class="relative-pos">
                    </div>
                  </td>
              </tr>
              <tr>
                <!--This is the name of the test-->
                <td class="subtest">
                    credential MAY have property &quot;expirationDate&quot;
                </td>
                <!--These contain if the test passed, failed, or was skipped-->
                  <td class="passed not-optional highlight-on-hover text-center">
                    <div class= "highlight-on-hover">‚úì</div>
                    <div class="relative-pos">
                    </div>
                  </td>
              </tr>
            </tbody>
            </table>
          </div>
          <div>
            <div class="flex-center">
              <div class="row">
              </div>
              <div class="">
              </div>
            </div>
          </div>
        </section>
    </section>
  </body>
</html>
